Using pre-set license
Built from '2020.3/staging' branch; Version is '2020.3.18f1 (a7d1c678663c) revision 10998214'; Using compiler version '192528614'; Build Type 'Release'
OS: 'Windows 10 Home; OS build 19042.1237; Version 2009; 64bit' Language: 'en' Physical Memory: 16336 MB
BatchMode: 1, IsHumanControllingUs: 0, StartBugReporterOnCrash: 0, Is64bit: 1, IsPro: 0

COMMAND LINE ARGUMENTS:
C:\Program Files\Unity\Hub\Editor\2020.3.18f1\Editor\Unity.exe
-adb2
-batchMode
-noUpm
-name
AssetImportWorker0
-projectPath
D:/ReeceBeckmanSawyerGDS220/Game A Week Reece Beckman Sawyer
-logFile
Logs/AssetImportWorker0.log
-srvPort
50141
Successfully changed project path to: D:/ReeceBeckmanSawyerGDS220/Game A Week Reece Beckman Sawyer
D:/ReeceBeckmanSawyerGDS220/Game A Week Reece Beckman Sawyer
Using Asset Import Pipeline V2.
Refreshing native plugins compatible for Editor in 26.38 ms, found 2 plugins.
Preloading 0 native plugins for Editor in 0.00 ms.
Initialize engine version: 2020.3.18f1 (a7d1c678663c)
[Subsystems] Discovering subsystems at path C:/Program Files/Unity/Hub/Editor/2020.3.18f1/Editor/Data/Resources/UnitySubsystems
[Subsystems] Discovering subsystems at path D:/ReeceBeckmanSawyerGDS220/Game A Week Reece Beckman Sawyer/Assets
GfxDevice: creating device client; threaded=0
Direct3D:
    Version:  Direct3D 11.0 [level 11.1]
    Renderer: NVIDIA GeForce RTX 2060 (ID=0x1e89)
    Vendor:   
    VRAM:     5968 MB
    Driver:   30.0.14.7212
Initialize mono
Mono path[0] = 'C:/Program Files/Unity/Hub/Editor/2020.3.18f1/Editor/Data/Managed'
Mono path[1] = 'C:/Program Files/Unity/Hub/Editor/2020.3.18f1/Editor/Data/MonoBleedingEdge/lib/mono/unityjit'
Mono config path = 'C:/Program Files/Unity/Hub/Editor/2020.3.18f1/Editor/Data/MonoBleedingEdge/etc'
Using monoOptions --debugger-agent=transport=dt_socket,embedding=1,server=y,suspend=n,address=127.0.0.1:56276
Begin MonoManager ReloadAssembly
Registering precompiled unity dll's ...
Register platform support module: C:/Program Files/Unity/Hub/Editor/2020.3.18f1/Editor/Data/PlaybackEngines/MacStandaloneSupport/UnityEditor.OSXStandalone.Extensions.dll
Register platform support module: C:/Program Files/Unity/Hub/Editor/2020.3.18f1/Editor/Data/PlaybackEngines/WindowsStandaloneSupport/UnityEditor.WindowsStandalone.Extensions.dll
Registered in 0.002446 seconds.
Native extension for WindowsStandalone target not found
Native extension for OSXStandalone target not found
Refreshing native plugins compatible for Editor in 27.11 ms, found 2 plugins.
Preloading 0 native plugins for Editor in 0.00 ms.
Mono: successfully reloaded assembly
- Completed reload, in  0.974 seconds
Domain Reload Profiling:
	ReloadAssembly (974ms)
		BeginReloadAssembly (47ms)
			ExecutionOrderSort (0ms)
			DisableScriptedObjects (0ms)
			BackupInstance (0ms)
			ReleaseScriptingObjects (0ms)
			CreateAndSetChildDomain (1ms)
		EndReloadAssembly (346ms)
			LoadAssemblies (44ms)
			RebuildTransferFunctionScriptingTraits (0ms)
			SetupTypeCache (132ms)
			ReleaseScriptCaches (0ms)
			RebuildScriptCaches (26ms)
			SetupLoadedEditorAssemblies (131ms)
				LogAssemblyErrors (0ms)
				InitializePlatformSupportModulesInManaged (5ms)
				SetLoadedEditorAssemblies (0ms)
				RefreshPlugins (27ms)
				BeforeProcessingInitializeOnLoad (13ms)
				ProcessInitializeOnLoadAttributes (64ms)
				ProcessInitializeOnLoadMethodAttributes (22ms)
				AfterProcessingInitializeOnLoad (0ms)
				EditorAssembliesLoaded (0ms)
			ExecutionOrderSort2 (0ms)
			AwakeInstancesAfterBackupRestoration (0ms)
Platform modules already initialized, skipping
Registering precompiled user dll's ...
Registered in 0.002207 seconds.
Begin MonoManager ReloadAssembly
Native extension for WindowsStandalone target not found
Native extension for OSXStandalone target not found
Refreshing native plugins compatible for Editor in 0.64 ms, found 2 plugins.
Preloading 0 native plugins for Editor in 0.00 ms.
Mono: successfully reloaded assembly
- Completed reload, in  0.882 seconds
Domain Reload Profiling:
	ReloadAssembly (882ms)
		BeginReloadAssembly (136ms)
			ExecutionOrderSort (0ms)
			DisableScriptedObjects (4ms)
			BackupInstance (0ms)
			ReleaseScriptingObjects (0ms)
			CreateAndSetChildDomain (23ms)
		EndReloadAssembly (688ms)
			LoadAssemblies (76ms)
			RebuildTransferFunctionScriptingTraits (0ms)
			SetupTypeCache (244ms)
			ReleaseScriptCaches (0ms)
			RebuildScriptCaches (34ms)
			SetupLoadedEditorAssemblies (254ms)
				LogAssemblyErrors (0ms)
				InitializePlatformSupportModulesInManaged (5ms)
				SetLoadedEditorAssemblies (0ms)
				RefreshPlugins (1ms)
				BeforeProcessingInitializeOnLoad (66ms)
				ProcessInitializeOnLoadAttributes (172ms)
				ProcessInitializeOnLoadMethodAttributes (3ms)
				AfterProcessingInitializeOnLoad (7ms)
				EditorAssembliesLoaded (0ms)
			ExecutionOrderSort2 (0ms)
			AwakeInstancesAfterBackupRestoration (5ms)
Platform modules already initialized, skipping
========================================================================
Worker process is ready to serve import requests
Launched and connected shader compiler UnityShaderCompiler.exe after 0.04 seconds
Refreshing native plugins compatible for Editor in 0.48 ms, found 2 plugins.
Preloading 0 native plugins for Editor in 0.00 ms.
Unloading 1396 Unused Serialized files (Serialized files now loaded: 0)
System memory in use before: 64.8 MB.
System memory in use after: 64.9 MB.

Unloading 16 unused Assets to reduce memory usage. Loaded Objects now: 1831.
Total: 3.725500 ms (FindLiveObjects: 0.426000 ms CreateObjectMapping: 0.050400 ms MarkObjects: 3.176300 ms  DeleteObjects: 0.071400 ms)

AssetImportParameters requested are different than current active one (requested -> active):
  custom:framework-win-MediaFoundation: 216162199b28c13a410421893ffa2e32 -> 
  custom:video-decoder-ogg-theora: a1e56fd34408186e4bbccfd4996cb3dc -> 
  custom:container-muxer-webm: aa71ff27fc2769a1b78a27578f13a17b -> 
  custom:container-demuxer-webm: 4f35f7cbe854078d1ac9338744f61a02 -> 
  custom:container-demuxer-ogg: 62fdf1f143b41e24485cea50d1cbac27 -> 
  custom:video-encoder-webm-vp8: eb34c28f22e8b96e1ab97ce403110664 -> 
  custom:video-codec-MediaFoundation-h265: e54d7ab0439102e2317fc1e4b246158d -> 
  custom:video-decoder-webm-vp8: 9c59270c3fd7afecdb556c50c9e8de78 -> 
  custom:audio-decoder-ogg-vorbis: bf7c407c2cedff20999df2af8eb42d56 -> 
  custom:audio-encoder-webm-vorbis: bf7c407c2cedff20999df2af8eb42d56 -> 
========================================================================
Received Import Request.
  path: Assets/Scenes
  artifactKey: Guid(81e6dace69cb9024d924d1933b85b8f7) Importer(815301076,1909f56bfc062723c751e8b465ee728b)
Start importing Assets/Scenes using Guid(81e6dace69cb9024d924d1933b85b8f7) Importer(815301076,1909f56bfc062723c751e8b465ee728b)  -> (artifact id: 'fc5fd15bb2f9725d26935cc194a5d6d1') in 0.005357 seconds 
  Import took 0.007482 seconds .

========================================================================
Received Import Request.
  Time since last request: 5.654020 seconds.
  path: Assets/Games
  artifactKey: Guid(81e6dace69cb9024d924d1933b85b8f7) Importer(815301076,1909f56bfc062723c751e8b465ee728b)
Start importing Assets/Games using Guid(81e6dace69cb9024d924d1933b85b8f7) Importer(815301076,1909f56bfc062723c751e8b465ee728b)  -> (artifact id: '479b440284f1e618249b82d9fc9989ce') in 0.003468 seconds 
  Import took 0.005548 seconds .

========================================================================
Received Import Request.
  Time since last request: 11.945284 seconds.
  path: Assets/Games/Game 1
  artifactKey: Guid(4146c2049744976478bc9442575928fd) Importer(815301076,1909f56bfc062723c751e8b465ee728b)
Start importing Assets/Games/Game 1 using Guid(4146c2049744976478bc9442575928fd) Importer(815301076,1909f56bfc062723c751e8b465ee728b)  -> (artifact id: 'fd08f91e0d46a3fc2eb2618b4e33f0ac') in 0.003228 seconds 
  Import took 0.005643 seconds .

========================================================================
Received Import Request.
  Time since last request: 1.880358 seconds.
  path: Assets/Games/Game 2
  artifactKey: Guid(6f90733b2db41c14ca28ab21a2e7594a) Importer(815301076,1909f56bfc062723c751e8b465ee728b)
Start importing Assets/Games/Game 2 using Guid(6f90733b2db41c14ca28ab21a2e7594a) Importer(815301076,1909f56bfc062723c751e8b465ee728b)  -> (artifact id: 'ece27a839ac43c1d698d3e68958df918') in 0.003004 seconds 
  Import took 0.005198 seconds .

========================================================================
Received Import Request.
  Time since last request: 0.776253 seconds.
  path: Assets/Games/Game 3
  artifactKey: Guid(f28733458cc49344bb093dedc0b522ce) Importer(815301076,1909f56bfc062723c751e8b465ee728b)
Start importing Assets/Games/Game 3 using Guid(f28733458cc49344bb093dedc0b522ce) Importer(815301076,1909f56bfc062723c751e8b465ee728b)  -> (artifact id: 'daaa6ca81ca78ce1c61f49c1b412f5b8') in 0.003002 seconds 
  Import took 0.005008 seconds .

========================================================================
Received Import Request.
  Time since last request: 0.356744 seconds.
  path: Assets/Games/Game 4
  artifactKey: Guid(e48b74914484fc84eade5ac388433db9) Importer(815301076,1909f56bfc062723c751e8b465ee728b)
Start importing Assets/Games/Game 4 using Guid(e48b74914484fc84eade5ac388433db9) Importer(815301076,1909f56bfc062723c751e8b465ee728b)  -> (artifact id: '86ee5c6ce6c93a73e1fd1ac2b9cf417e') in 0.003393 seconds 
  Import took 0.006410 seconds .

========================================================================
Received Import Request.
  Time since last request: 0.361029 seconds.
  path: Assets/Games/Game 5
  artifactKey: Guid(079b782448b3c7041b9e5ffeeff21ff3) Importer(815301076,1909f56bfc062723c751e8b465ee728b)
Start importing Assets/Games/Game 5 using Guid(079b782448b3c7041b9e5ffeeff21ff3) Importer(815301076,1909f56bfc062723c751e8b465ee728b)  -> (artifact id: 'c18e67bdc1199ed0b16a673608c6d69a') in 0.003147 seconds 
  Import took 0.006176 seconds .

========================================================================
Received Import Request.
  Time since last request: 0.399043 seconds.
  path: Assets/Games/Game 6
  artifactKey: Guid(780d94525d296514faf6152093a90fcf) Importer(815301076,1909f56bfc062723c751e8b465ee728b)
Start importing Assets/Games/Game 6 using Guid(780d94525d296514faf6152093a90fcf) Importer(815301076,1909f56bfc062723c751e8b465ee728b)  -> (artifact id: 'f4a6f5d754180b9031d06d32ec57c14f') in 0.002899 seconds 
  Import took 0.005044 seconds .

========================================================================
Received Import Request.
  Time since last request: 0.392797 seconds.
  path: Assets/Games/Game 7
  artifactKey: Guid(3ff5d84c253821c4bbb28dce6b586c89) Importer(815301076,1909f56bfc062723c751e8b465ee728b)
Start importing Assets/Games/Game 7 using Guid(3ff5d84c253821c4bbb28dce6b586c89) Importer(815301076,1909f56bfc062723c751e8b465ee728b)  -> (artifact id: '06a3b239e3203c6d7f7f3f27c1d199a5') in 0.002767 seconds 
  Import took 0.005494 seconds .

========================================================================
Received Import Request.
  Time since last request: 0.409971 seconds.
  path: Assets/Games/Game 8
  artifactKey: Guid(996a6091969a9884dbefb9c70a912480) Importer(815301076,1909f56bfc062723c751e8b465ee728b)
Start importing Assets/Games/Game 8 using Guid(996a6091969a9884dbefb9c70a912480) Importer(815301076,1909f56bfc062723c751e8b465ee728b)  -> (artifact id: '36b334eeec39c612c4e69ca9900925d4') in 0.003492 seconds 
  Import took 0.006144 seconds .

========================================================================
Received Import Request.
  Time since last request: 0.428102 seconds.
  path: Assets/Games/Game 9
  artifactKey: Guid(be791a02b875a3c459ff8f8b0b4c967b) Importer(815301076,1909f56bfc062723c751e8b465ee728b)
Start importing Assets/Games/Game 9 using Guid(be791a02b875a3c459ff8f8b0b4c967b) Importer(815301076,1909f56bfc062723c751e8b465ee728b)  -> (artifact id: '8cefcae0aa258fbab1bc53fe45f69a49') in 0.002812 seconds 
  Import took 0.005248 seconds .

========================================================================
Received Import Request.
  Time since last request: 0.415801 seconds.
  path: Assets/Games/Game 10
  artifactKey: Guid(a2f843cc8305bf140a7ac16ffcffb85d) Importer(815301076,1909f56bfc062723c751e8b465ee728b)
Start importing Assets/Games/Game 10 using Guid(a2f843cc8305bf140a7ac16ffcffb85d) Importer(815301076,1909f56bfc062723c751e8b465ee728b)  -> (artifact id: 'e014ddd30c2971e0a177881adeb63928') in 0.004260 seconds 
  Import took 0.007053 seconds .

========================================================================
Received Import Request.
  Time since last request: 0.601771 seconds.
  path: Assets/Games/Game 11
  artifactKey: Guid(db3c3821786994540b41666e53a19c85) Importer(815301076,1909f56bfc062723c751e8b465ee728b)
Start importing Assets/Games/Game 11 using Guid(db3c3821786994540b41666e53a19c85) Importer(815301076,1909f56bfc062723c751e8b465ee728b)  -> (artifact id: 'bf77d2ee71f729e753ddbd078931785f') in 0.002946 seconds 
  Import took 0.005133 seconds .

========================================================================
Received Import Request.
  Time since last request: 0.499826 seconds.
  path: Assets/Games/Game 12
  artifactKey: Guid(353a28b2fc34bae4d925d1b0d9796516) Importer(815301076,1909f56bfc062723c751e8b465ee728b)
Start importing Assets/Games/Game 12 using Guid(353a28b2fc34bae4d925d1b0d9796516) Importer(815301076,1909f56bfc062723c751e8b465ee728b)  -> (artifact id: 'b1bdc8b9498cf54707941aac755acfd9') in 0.003680 seconds 
  Import took 0.007396 seconds .

========================================================================
Received Import Request.
  Time since last request: 3.272262 seconds.
  path: Assets/Games/Game 1/SampleScene.unity
  artifactKey: Guid(9fc0d4010bbf28b4594072e72b8655ab) Importer(815301076,1909f56bfc062723c751e8b465ee728b)
Start importing Assets/Games/Game 1/SampleScene.unity using Guid(9fc0d4010bbf28b4594072e72b8655ab) Importer(815301076,1909f56bfc062723c751e8b465ee728b)  -> (artifact id: '0600ca859120d64c28b7f41768fbc095') in 0.008778 seconds 
  Import took 0.010956 seconds .

========================================================================
Received Import Request.
  Time since last request: 11.563814 seconds.
  path: Assets/Games/Game 1/Game 1.unity
  artifactKey: Guid(9fc0d4010bbf28b4594072e72b8655ab) Importer(815301076,1909f56bfc062723c751e8b465ee728b)
Start importing Assets/Games/Game 1/Game 1.unity using Guid(9fc0d4010bbf28b4594072e72b8655ab) Importer(815301076,1909f56bfc062723c751e8b465ee728b)  -> (artifact id: '85d3c8325047b27df4d49fc0e38dfbab') in 0.003838 seconds 
  Import took 0.006186 seconds .

========================================================================
Received Import Request.
  Time since last request: 3.748866 seconds.
  path: Assets
  artifactKey: Guid(00000000000000001000000000000000) Importer(815301076,1909f56bfc062723c751e8b465ee728b)
Start importing Assets using Guid(00000000000000001000000000000000) Importer(815301076,1909f56bfc062723c751e8b465ee728b)  -> (artifact id: '42d402b061de3733987d63b9cc3b64de') in 0.002967 seconds 
  Import took 0.005032 seconds .

========================================================================
Received Import Request.
  Time since last request: 11.787469 seconds.
  path: Assets/Audio
  artifactKey: Guid(0f8c07afedeefdf498d2c94747a1973e) Importer(815301076,1909f56bfc062723c751e8b465ee728b)
Start importing Assets/Audio using Guid(0f8c07afedeefdf498d2c94747a1973e) Importer(815301076,1909f56bfc062723c751e8b465ee728b)  -> (artifact id: 'b5d1e2f0e84ace96e16a35b8eb3c569b') in 0.003425 seconds 
  Import took 0.006583 seconds .

========================================================================
Received Import Request.
  Time since last request: 9.802583 seconds.
  path: Assets/Art
  artifactKey: Guid(cec9284fe7f26c34d84ae17e64b094d7) Importer(815301076,1909f56bfc062723c751e8b465ee728b)
Start importing Assets/Art using Guid(cec9284fe7f26c34d84ae17e64b094d7) Importer(815301076,1909f56bfc062723c751e8b465ee728b)  -> (artifact id: '4b3e2fd68ae1e97801c13bb1bb38e4d5') in 0.003388 seconds 
  Import took 0.005744 seconds .

========================================================================
Received Import Request.
  Time since last request: 26.633095 seconds.
  path: Assets/Scripts
  artifactKey: Guid(05e5d095392586042b0e664821a52b0b) Importer(815301076,1909f56bfc062723c751e8b465ee728b)
Start importing Assets/Scripts using Guid(05e5d095392586042b0e664821a52b0b) Importer(815301076,1909f56bfc062723c751e8b465ee728b)  -> (artifact id: '8bf1dc3160f144b13ab1cdacc1f60d2b') in 0.003737 seconds 
  Import took 0.006572 seconds .

========================================================================
Received Import Request.
  Time since last request: 20.308260 seconds.
  path: Assets/Prefabs
  artifactKey: Guid(26ffcdb127d4aad4cb2490c0f68d758e) Importer(815301076,1909f56bfc062723c751e8b465ee728b)
Start importing Assets/Prefabs using Guid(26ffcdb127d4aad4cb2490c0f68d758e) Importer(815301076,1909f56bfc062723c751e8b465ee728b)  -> (artifact id: '8b5565fed9c7f256337520280d523064') in 0.003669 seconds 
  Import took 0.006609 seconds .

========================================================================
Received Import Request.
  Time since last request: 32.034179 seconds.
  path: Assets/Assets
  artifactKey: Guid(16f155597141e784ba9d75a1d86e5cb6) Importer(815301076,1909f56bfc062723c751e8b465ee728b)
Start importing Assets/Assets using Guid(16f155597141e784ba9d75a1d86e5cb6) Importer(815301076,1909f56bfc062723c751e8b465ee728b)  -> (artifact id: '2eec603016e91646ba8037dd37b3549a') in 0.002319 seconds 
  Import took 0.004418 seconds .

AssetImportWorkerClient::OnTransportError - code=2 error=End of file
